[ 2023-03-01 20:04:19,459 ] 17 root - INFO - Reading contents of configure file!
[ 2023-03-01 20:04:51,618 ] 17 root - INFO - Reading contents of configure file!
[ 2023-03-01 20:05:12,794 ] 17 root - INFO - Reading contents of configure file!
[ 2023-03-01 20:05:21,114 ] 17 root - INFO - Reading contents of configure file!
[ 2023-03-01 20:05:21,114 ] 20 root - INFO - Mongodb Connection Established
[ 2023-03-01 20:05:53,185 ] 17 root - INFO - Reading contents of configure file!
[ 2023-03-01 20:05:53,190 ] 17 root - INFO - Reading contents of configure file!
[ 2023-03-01 20:05:57,859 ] 17 root - INFO - Reading contents of configure file!
[ 2023-03-01 20:05:57,935 ] 17 root - INFO - Reading contents of configure file!
[ 2023-03-01 20:05:58,184 ] 17 root - INFO - Reading contents of configure file!
[ 2023-03-01 20:08:17,839 ] 109 root - INFO - added project sucessfully with Titanic
[ 2023-03-01 20:08:29,081 ] 25 root - INFO - 224 : Sucessfully entered Project Details!
[ 2023-03-01 20:08:30,058 ] 74 root - INFO - Project actions performed for: 224!
[ 2023-03-01 20:08:31,551 ] 20 root - INFO - Mongodb Connection Established
[ 2023-03-01 20:08:43,720 ] 113 root - INFO - All records deleted. Total time taken: 2.1819961071014404 seconds.
[ 2023-03-01 20:08:51,100 ] 88 root - INFO - Your data is sucessfully uploaded. Total time taken: 2.77047061920166 seconds.
[ 2023-03-01 20:08:55,022 ] 62 root - INFO - 221 details uploaded successfully for Feature Engineering!
[ 2023-03-01 20:09:16,828 ] 222 django.request - WARNING - Not Found: /favicon.ico
[ 2023-03-01 20:11:13,626 ] 20 root - INFO - Mongodb Connection Established
[ 2023-03-01 20:11:23,916 ] 113 root - INFO - All records deleted. Total time taken: 2.104999303817749 seconds.
[ 2023-03-01 20:11:31,042 ] 88 root - INFO - Your data is sucessfully uploaded. Total time taken: 3.0199999809265137 seconds.
[ 2023-03-01 20:13:07,673 ] 25 root - INFO - 224 : Sucessfully entered Project Details!
[ 2023-03-01 20:13:08,588 ] 74 root - INFO - Project actions performed for: 224!
[ 2023-03-01 20:13:12,316 ] 20 root - INFO - Mongodb Connection Established
[ 2023-03-01 20:13:22,640 ] 113 root - INFO - All records deleted. Total time taken: 2.1537532806396484 seconds.
[ 2023-03-01 20:13:32,700 ] 88 root - INFO - Your data is sucessfully uploaded. Total time taken: 5.860529899597168 seconds.
[ 2023-03-01 20:13:48,681 ] 20 root - INFO - Mongodb Connection Established
[ 2023-03-01 20:13:59,226 ] 113 root - INFO - All records deleted. Total time taken: 2.363121747970581 seconds.
[ 2023-03-01 20:14:08,370 ] 88 root - INFO - Your data is sucessfully uploaded. Total time taken: 5.021525144577026 seconds.
[ 2023-03-01 20:14:12,974 ] 62 root - INFO - 82 details uploaded successfully for Feature Engineering!
[ 2023-03-01 20:14:22,362 ] 20 root - INFO - Mongodb Connection Established
[ 2023-03-01 20:14:32,724 ] 113 root - INFO - All records deleted. Total time taken: 2.206782817840576 seconds.
[ 2023-03-01 20:14:41,800 ] 88 root - INFO - Your data is sucessfully uploaded. Total time taken: 4.955328702926636 seconds.
[ 2023-03-01 20:14:45,252 ] 84 root - INFO - Fetching categorical and numerical columns!
[ 2023-03-01 20:14:45,288 ] 62 root - INFO - 82 details uploaded successfully for Feature Engineering!
[ 2023-03-01 20:14:45,815 ] 56 root - INFO - Pandas get_dummies implemented!
[ 2023-03-01 20:14:50,451 ] 20 root - INFO - Mongodb Connection Established
[ 2023-03-01 20:15:00,825 ] 113 root - INFO - All records deleted. Total time taken: 2.162091016769409 seconds.
[ 2023-03-01 20:15:09,810 ] 88 root - INFO - Your data is sucessfully uploaded. Total time taken: 4.87204384803772 seconds.
[ 2023-03-01 20:15:13,103 ] 84 root - INFO - Fetching categorical and numerical columns!
[ 2023-03-01 20:15:13,120 ] 56 root - INFO - Pandas get_dummies implemented!
[ 2023-03-01 20:15:13,782 ] 102 root - INFO - removed temp files successfully!
[ 2023-03-01 20:15:13,907 ] 125 root - INFO - DataFrame updated successfully!
[ 2023-03-01 20:15:13,908 ] 74 root - INFO - Project actions performed for: 224!
[ 2023-03-01 20:15:15,004 ] 20 root - INFO - Mongodb Connection Established
[ 2023-03-01 20:15:25,337 ] 113 root - INFO - All records deleted. Total time taken: 2.1880383491516113 seconds.
[ 2023-03-01 20:15:32,642 ] 88 root - INFO - Your data is sucessfully uploaded. Total time taken: 2.912003993988037 seconds.
[ 2023-03-01 20:15:35,943 ] 62 root - INFO - 82 details uploaded successfully for Feature Engineering!
[ 2023-03-01 20:15:48,551 ] 20 root - INFO - Mongodb Connection Established
[ 2023-03-01 20:15:50,162 ] 20 root - INFO - Mongodb Connection Established
[ 2023-03-01 20:15:58,921 ] 113 root - INFO - All records deleted. Total time taken: 2.038752555847168 seconds.
[ 2023-03-01 20:16:00,444 ] 113 root - INFO - All records deleted. Total time taken: 2.078061819076538 seconds.
[ 2023-03-01 20:16:05,870 ] 88 root - INFO - Your data is sucessfully uploaded. Total time taken: 2.8375909328460693 seconds.
[ 2023-03-01 20:16:06,879 ] 88 root - INFO - Your data is sucessfully uploaded. Total time taken: 2.3279950618743896 seconds.
[ 2023-03-01 20:16:09,275 ] 62 root - INFO - 82 details uploaded successfully for Feature Engineering!
[ 2023-03-01 20:16:09,747 ] 110 root - INFO - Standard Scaler implemented!
[ 2023-03-01 20:16:10,416 ] 62 root - INFO - 82 details uploaded successfully for Feature Engineering!
[ 2023-03-01 20:16:10,423 ] 102 root - INFO - removed temp files successfully!
[ 2023-03-01 20:16:10,445 ] 125 root - INFO - DataFrame updated successfully!
[ 2023-03-01 20:16:10,446 ] 74 root - INFO - Project actions performed for: 224!
[ 2023-03-01 20:16:10,878 ] 110 root - INFO - Standard Scaler implemented!
[ 2023-03-01 20:16:11,540 ] 102 root - INFO - removed temp files successfully!
[ 2023-03-01 20:16:11,610 ] 125 root - INFO - DataFrame updated successfully!
[ 2023-03-01 20:16:11,610 ] 74 root - INFO - Project actions performed for: 224!
[ 2023-03-01 20:16:41,137 ] 20 root - INFO - Mongodb Connection Established
[ 2023-03-01 20:16:51,408 ] 113 root - INFO - All records deleted. Total time taken: 2.0977070331573486 seconds.
[ 2023-03-01 20:16:59,498 ] 88 root - INFO - Your data is sucessfully uploaded. Total time taken: 3.8391456604003906 seconds.
[ 2023-03-01 20:17:02,989 ] 84 root - INFO - Fetching categorical and numerical columns!
[ 2023-03-01 20:28:26,115 ] 203 django.utils.autoreload - INFO - C:\Users\suhai\Newz\neuro-project-engineering\FeatureEngineering\views.py changed, reloading.
