[ 2023-02-25 15:54:13,720 ] 17 root - INFO - Reading contents of configure file!
[ 2023-02-25 15:54:26,357 ] 17 root - INFO - Reading contents of configure file!
[ 2023-02-25 15:54:42,012 ] 17 root - INFO - Reading contents of configure file!
[ 2023-02-25 15:54:44,711 ] 17 root - INFO - Reading contents of configure file!
[ 2023-02-25 15:54:44,711 ] 20 root - INFO - Mongodb Connection Established
[ 2023-02-25 15:55:04,523 ] 17 root - INFO - Reading contents of configure file!
[ 2023-02-25 15:55:04,526 ] 17 root - INFO - Reading contents of configure file!
[ 2023-02-25 15:55:11,035 ] 17 root - INFO - Reading contents of configure file!
[ 2023-02-25 15:55:11,057 ] 17 root - INFO - Reading contents of configure file!
[ 2023-02-25 15:55:11,162 ] 17 root - INFO - Reading contents of configure file!
[ 2023-02-25 15:55:34,905 ] 20 root - INFO - Mongodb Connection Established
[ 2023-02-25 15:55:40,828 ] 20 root - INFO - Mongodb Connection Established
[ 2023-02-25 15:55:45,562 ] 113 root - INFO - All records deleted. Total time taken: 2.1636860370635986 seconds.
[ 2023-02-25 15:55:51,207 ] 113 root - INFO - All records deleted. Total time taken: 2.128580331802368 seconds.
[ 2023-02-25 15:55:53,275 ] 88 root - INFO - Your data is sucessfully uploaded. Total time taken: 3.3895344734191895 seconds.
[ 2023-02-25 15:55:56,498 ] 86 root - INFO - Fetching categorical and numerical columns!
[ 2023-02-25 15:55:56,499 ] 39 root - INFO - 76 details uploaded successfully for EDA!
[ 2023-02-25 15:55:57,736 ] 88 root - INFO - Your data is sucessfully uploaded. Total time taken: 2.4519693851470947 seconds.
[ 2023-02-25 15:56:00,480 ] 86 root - INFO - Fetching categorical and numerical columns!
[ 2023-02-25 15:56:13,340 ] 36 root - INFO - Distplot Implemented!
[ 2023-02-25 15:56:13,340 ] 39 root - INFO - 76 details uploaded successfully for EDA!
[ 2023-02-25 15:58:59,336 ] 203 django.utils.autoreload - INFO - C:\Users\suhai\Newz\neuro-project-engineering\EDA\views.py changed, reloading.
