[ 2023-02-26 01:38:28,574 ] 17 root - INFO - Reading contents of configure file!
[ 2023-02-26 01:38:43,910 ] 17 root - INFO - Reading contents of configure file!
[ 2023-02-26 01:39:00,477 ] 17 root - INFO - Reading contents of configure file!
[ 2023-02-26 01:39:02,686 ] 17 root - INFO - Reading contents of configure file!
[ 2023-02-26 01:39:02,687 ] 20 root - INFO - Mongodb Connection Established
[ 2023-02-26 01:39:33,095 ] 17 root - INFO - Reading contents of configure file!
[ 2023-02-26 01:39:33,099 ] 17 root - INFO - Reading contents of configure file!
[ 2023-02-26 01:39:43,760 ] 17 root - INFO - Reading contents of configure file!
[ 2023-02-26 01:39:43,840 ] 17 root - INFO - Reading contents of configure file!
[ 2023-02-26 01:39:44,029 ] 17 root - INFO - Reading contents of configure file!
[ 2023-02-26 01:40:02,013 ] 20 root - INFO - Mongodb Connection Established
[ 2023-02-26 01:40:13,274 ] 113 root - INFO - All records deleted. Total time taken: 2.2759995460510254 seconds.
[ 2023-02-26 01:40:20,261 ] 88 root - INFO - Your data is sucessfully uploaded. Total time taken: 2.5301170349121094 seconds.
[ 2023-02-26 01:40:23,730 ] 206 root - INFO - Find Mean Implemented!
[ 2023-02-26 01:40:23,731 ] 184 root - INFO - Find Median Implemented!
[ 2023-02-26 01:40:23,770 ] 194 root - INFO - Find Mode Implemented!
[ 2023-02-26 01:40:23,771 ] 172 root - INFO - Find Dtypes Implemented!
[ 2023-02-26 01:40:23,775 ] 242 root - INFO - Missing Cells Table Implemented!
[ 2023-02-26 01:40:37,186 ] 14 root - INFO - BarPlot Implemented!
[ 2023-02-26 01:40:41,419 ] 39 root - INFO - 79 details uploaded successfully for EDA!
[ 2023-02-26 01:41:59,944 ] 203 django.utils.autoreload - INFO - C:\Users\suhai\Newz\neuro-project-engineering\EDA\views.py changed, reloading.
