[ 2023-02-27 01:24:57,995 ] 17 root - INFO - Reading contents of configure file!
[ 2023-02-27 01:25:00,926 ] 17 root - INFO - Reading contents of configure file!
[ 2023-02-27 01:25:03,036 ] 17 root - INFO - Reading contents of configure file!
[ 2023-02-27 01:25:03,975 ] 17 root - INFO - Reading contents of configure file!
[ 2023-02-27 01:25:03,976 ] 20 root - INFO - Mongodb Connection Established
[ 2023-02-27 01:25:08,263 ] 17 root - INFO - Reading contents of configure file!
[ 2023-02-27 01:25:08,279 ] 17 root - INFO - Reading contents of configure file!
[ 2023-02-27 01:25:10,416 ] 17 root - INFO - Reading contents of configure file!
[ 2023-02-27 01:25:10,416 ] 17 root - INFO - Reading contents of configure file!
[ 2023-02-27 01:25:10,463 ] 17 root - INFO - Reading contents of configure file!
[ 2023-02-27 01:25:20,693 ] 20 root - INFO - Mongodb Connection Established
[ 2023-02-27 01:25:31,086 ] 113 root - INFO - All records deleted. Total time taken: 2.0440008640289307 seconds.
[ 2023-02-27 01:25:38,009 ] 88 root - INFO - Your data is sucessfully uploaded. Total time taken: 2.82199764251709 seconds.
[ 2023-02-27 01:25:40,667 ] 449 root - INFO - Statistical function:Percentage change Implemented!
[ 2023-02-27 01:25:40,832 ] 547 root - ERROR - The truth value of a DataFrame is ambiguous. Use a.empty, a.bool(), a.item(), a.any() or a.all().
[ 2023-02-27 01:25:40,926 ] 222 django.request - ERROR - Internal Server Error: /EDA/statistical-report/
Traceback (most recent call last):
  File "C:\Users\suhai\anaconda3\envs\test\lib\site-packages\django\core\handlers\exception.py", line 34, in inner
    response = get_response(request)
  File "C:\Users\suhai\anaconda3\envs\test\lib\site-packages\django\core\handlers\base.py", line 124, in _get_response
    raise ValueError(
ValueError: The view EDA.views.EDA_statistical_functions didn't return an HttpResponse object. It returned None instead.
[ 2023-02-27 01:31:41,015 ] 203 django.utils.autoreload - INFO - C:\Users\suhai\Newz\neuro-project-engineering\EDA\views.py changed, reloading.
