[ 2023-03-01 07:06:09,698 ] 17 root - INFO - Reading contents of configure file!
[ 2023-03-01 07:07:25,387 ] 17 root - INFO - Reading contents of configure file!
[ 2023-03-01 07:07:51,688 ] 17 root - INFO - Reading contents of configure file!
[ 2023-03-01 07:08:08,616 ] 17 root - INFO - Reading contents of configure file!
[ 2023-03-01 07:08:08,616 ] 20 root - INFO - Mongodb Connection Established
[ 2023-03-01 07:08:55,313 ] 17 root - INFO - Reading contents of configure file!
[ 2023-03-01 07:08:55,317 ] 17 root - INFO - Reading contents of configure file!
[ 2023-03-01 07:08:59,972 ] 17 root - INFO - Reading contents of configure file!
[ 2023-03-01 07:09:00,249 ] 17 root - INFO - Reading contents of configure file!
[ 2023-03-01 07:09:00,627 ] 17 root - INFO - Reading contents of configure file!
[ 2023-03-01 07:13:39,559 ] 25 root - INFO - 221 : Sucessfully entered Project Details!
[ 2023-03-01 07:13:40,438 ] 74 root - INFO - Project actions performed for: 221!
[ 2023-03-01 07:13:41,978 ] 20 root - INFO - Mongodb Connection Established
[ 2023-03-01 07:13:52,816 ] 113 root - INFO - All records deleted. Total time taken: 2.103039026260376 seconds.
[ 2023-03-01 07:14:00,060 ] 88 root - INFO - Your data is sucessfully uploaded. Total time taken: 2.869189739227295 seconds.
[ 2023-03-01 07:14:20,933 ] 20 root - INFO - Mongodb Connection Established
[ 2023-03-01 07:14:31,187 ] 113 root - INFO - All records deleted. Total time taken: 2.060004234313965 seconds.
[ 2023-03-01 07:14:38,232 ] 88 root - INFO - Your data is sucessfully uploaded. Total time taken: 2.918994903564453 seconds.
[ 2023-03-01 07:14:41,426 ] 62 root - INFO - 80 details uploaded successfully for Feature Engineering!
[ 2023-03-01 13:56:43,670 ] 25 root - INFO - 221 : Sucessfully entered Project Details!
[ 2023-03-01 13:56:43,719 ] 25 root - INFO - 221 : Sucessfully entered Project Details!
[ 2023-03-01 13:56:50,799 ] 74 root - INFO - Project actions performed for: 221!
[ 2023-03-01 13:56:50,875 ] 74 root - INFO - Project actions performed for: 221!
[ 2023-03-01 13:56:56,298 ] 20 root - INFO - Mongodb Connection Established
[ 2023-03-01 13:57:10,329 ] 113 root - INFO - All records deleted. Total time taken: 2.2418229579925537 seconds.
[ 2023-03-01 13:57:19,634 ] 88 root - INFO - Your data is sucessfully uploaded. Total time taken: 3.068316698074341 seconds.
[ 2023-03-01 13:57:23,737 ] 62 root - INFO - 80 details uploaded successfully for Feature Engineering!
[ 2023-03-01 14:00:35,590 ] 20 root - INFO - Mongodb Connection Established
[ 2023-03-01 14:00:46,169 ] 113 root - INFO - All records deleted. Total time taken: 2.17999529838562 seconds.
[ 2023-03-01 14:00:54,430 ] 88 root - INFO - Your data is sucessfully uploaded. Total time taken: 3.903510332107544 seconds.
[ 2023-03-01 14:00:59,627 ] 84 root - INFO - Fetching categorical and numerical columns!
[ 2023-03-01 14:01:00,894 ] 62 root - INFO - 80 details uploaded successfully for Feature Engineering!
[ 2023-03-01 14:01:01,654 ] 48 root - INFO - Label/Ordinal Encoder implemented!
[ 2023-03-01 14:01:18,497 ] 20 root - INFO - Mongodb Connection Established
[ 2023-03-01 14:01:31,027 ] 113 root - INFO - All records deleted. Total time taken: 1.9098632335662842 seconds.
[ 2023-03-01 14:01:38,724 ] 88 root - INFO - Your data is sucessfully uploaded. Total time taken: 2.9182662963867188 seconds.
[ 2023-03-01 14:01:41,691 ] 84 root - INFO - Fetching categorical and numerical columns!
[ 2023-03-01 14:01:42,389 ] 56 root - INFO - Pandas get_dummies implemented!
[ 2023-03-01 14:01:43,499 ] 102 root - INFO - removed temp files successfully!
[ 2023-03-01 14:01:45,260 ] 125 root - INFO - DataFrame updated successfully!
[ 2023-03-01 14:01:45,261 ] 74 root - INFO - Project actions performed for: 221!
[ 2023-03-01 14:01:46,349 ] 20 root - INFO - Mongodb Connection Established
[ 2023-03-01 14:01:57,759 ] 113 root - INFO - All records deleted. Total time taken: 2.293079137802124 seconds.
[ 2023-03-01 14:02:05,046 ] 88 root - INFO - Your data is sucessfully uploaded. Total time taken: 2.924894094467163 seconds.
[ 2023-03-01 14:02:08,364 ] 62 root - INFO - 80 details uploaded successfully for Feature Engineering!
[ 2023-03-01 14:07:21,475 ] 20 root - INFO - Mongodb Connection Established
[ 2023-03-01 14:07:23,049 ] 20 root - INFO - Mongodb Connection Established
[ 2023-03-01 14:07:34,194 ] 113 root - INFO - All records deleted. Total time taken: 2.133816719055176 seconds.
[ 2023-03-01 14:07:34,249 ] 113 root - INFO - All records deleted. Total time taken: 2.185941457748413 seconds.
[ 2023-03-01 14:07:43,906 ] 88 root - INFO - Your data is sucessfully uploaded. Total time taken: 2.94276762008667 seconds.
[ 2023-03-01 14:07:44,864 ] 88 root - INFO - Your data is sucessfully uploaded. Total time taken: 3.905395984649658 seconds.
[ 2023-03-01 14:07:48,855 ] 62 root - INFO - 80 details uploaded successfully for Feature Engineering!
[ 2023-03-01 14:07:48,879 ] 62 root - INFO - 80 details uploaded successfully for Feature Engineering!
[ 2023-03-01 14:07:49,366 ] 108 root - INFO - MinMax Scaler implemented!
[ 2023-03-01 14:07:49,366 ] 108 root - INFO - MinMax Scaler implemented!
[ 2023-03-01 14:07:50,384 ] 105 root - ERROR - [WinError 5] Access is denied: 'C:\\Users\\suhai\\Newz\\neuro-project-engineering\\media\\uploads\\iris_latest.csv' occurred in deleting temp files!
[ 2023-03-01 14:07:50,502 ] 102 root - INFO - removed temp files successfully!
[ 2023-03-01 14:07:50,516 ] 125 root - INFO - DataFrame updated successfully!
[ 2023-03-01 14:07:50,517 ] 74 root - INFO - Project actions performed for: 221!
[ 2023-03-01 14:07:50,519 ] 125 root - INFO - DataFrame updated successfully!
[ 2023-03-01 14:07:50,519 ] 74 root - INFO - Project actions performed for: 221!
