[ 2023-02-28 23:23:21,763 ] 17 root - INFO - Reading contents of configure file!
[ 2023-02-28 23:23:45,481 ] 17 root - INFO - Reading contents of configure file!
[ 2023-02-28 23:24:33,784 ] 17 root - INFO - Reading contents of configure file!
[ 2023-02-28 23:24:41,972 ] 17 root - INFO - Reading contents of configure file!
[ 2023-02-28 23:24:41,972 ] 20 root - INFO - Mongodb Connection Established
[ 2023-02-28 23:25:24,363 ] 17 root - INFO - Reading contents of configure file!
[ 2023-02-28 23:25:24,366 ] 17 root - INFO - Reading contents of configure file!
[ 2023-02-28 23:25:40,182 ] 17 root - INFO - Reading contents of configure file!
[ 2023-02-28 23:25:40,230 ] 17 root - INFO - Reading contents of configure file!
[ 2023-02-28 23:25:40,464 ] 17 root - INFO - Reading contents of configure file!
[ 2023-02-28 23:41:08,419 ] 25 root - INFO - 81 : Sucessfully entered Project Details!
[ 2023-02-28 23:41:09,361 ] 74 root - INFO - Project actions performed for: 81!
[ 2023-02-28 23:41:11,280 ] 20 root - INFO - Mongodb Connection Established
[ 2023-02-28 23:41:22,215 ] 113 root - INFO - All records deleted. Total time taken: 2.137266159057617 seconds.
[ 2023-02-28 23:41:29,450 ] 88 root - INFO - Your data is sucessfully uploaded. Total time taken: 2.874056100845337 seconds.
[ 2023-02-28 23:41:32,773 ] 62 root - INFO - 81 details uploaded successfully for Feature Engineering!
[ 2023-02-28 23:44:21,493 ] 20 root - INFO - Mongodb Connection Established
[ 2023-02-28 23:44:31,706 ] 113 root - INFO - All records deleted. Total time taken: 2.0389974117279053 seconds.
[ 2023-02-28 23:44:38,806 ] 88 root - INFO - Your data is sucessfully uploaded. Total time taken: 3.0100009441375732 seconds.
[ 2023-02-28 23:44:42,319 ] 62 root - INFO - 81 details uploaded successfully for Feature Engineering!
[ 2023-02-28 23:45:22,611 ] 20 root - INFO - Mongodb Connection Established
[ 2023-02-28 23:45:24,595 ] 20 root - INFO - Mongodb Connection Established
[ 2023-02-28 23:45:32,898 ] 113 root - INFO - All records deleted. Total time taken: 2.1010193824768066 seconds.
[ 2023-02-28 23:45:35,056 ] 113 root - INFO - All records deleted. Total time taken: 2.206996440887451 seconds.
[ 2023-02-28 23:45:39,826 ] 88 root - INFO - Your data is sucessfully uploaded. Total time taken: 2.8470094203948975 seconds.
[ 2023-02-28 23:45:41,909 ] 88 root - INFO - Your data is sucessfully uploaded. Total time taken: 2.7560017108917236 seconds.
[ 2023-02-28 23:45:43,519 ] 62 root - INFO - 81 details uploaded successfully for Feature Engineering!
[ 2023-02-28 23:45:44,405 ] 108 root - INFO - MinMax Scaler implemented!
[ 2023-02-28 23:45:45,323 ] 102 root - INFO - removed temp files successfully!
[ 2023-02-28 23:45:45,390 ] 125 root - INFO - DataFrame updated successfully!
[ 2023-02-28 23:45:45,390 ] 74 root - INFO - Project actions performed for: 81!
[ 2023-02-28 23:45:45,487 ] 62 root - INFO - 81 details uploaded successfully for Feature Engineering!
[ 2023-02-28 23:45:45,926 ] 108 root - INFO - MinMax Scaler implemented!
[ 2023-02-28 23:45:46,674 ] 102 root - INFO - removed temp files successfully!
[ 2023-02-28 23:45:46,682 ] 125 root - INFO - DataFrame updated successfully!
[ 2023-02-28 23:45:46,683 ] 74 root - INFO - Project actions performed for: 81!
[ 2023-02-28 23:46:53,173 ] 20 root - INFO - Mongodb Connection Established
[ 2023-02-28 23:47:03,473 ] 113 root - INFO - All records deleted. Total time taken: 2.1180014610290527 seconds.
[ 2023-02-28 23:47:11,402 ] 88 root - INFO - Your data is sucessfully uploaded. Total time taken: 3.845292329788208 seconds.
[ 2023-02-28 23:47:49,191 ] 20 root - INFO - Mongodb Connection Established
[ 2023-02-28 23:47:59,480 ] 113 root - INFO - All records deleted. Total time taken: 2.1420347690582275 seconds.
[ 2023-02-28 23:48:07,413 ] 88 root - INFO - Your data is sucessfully uploaded. Total time taken: 3.862048387527466 seconds.
[ 2023-02-28 23:48:11,919 ] 311 root - ERROR - error while dimensionality reduction occured at:'n_components' should be inferior to 4 for the barnes_hut algorithm as it relies on quad-tree or oct-tree.
[ 2023-02-28 23:48:46,993 ] 20 root - INFO - Mongodb Connection Established
[ 2023-02-28 23:48:57,310 ] 113 root - INFO - All records deleted. Total time taken: 2.1399989128112793 seconds.
[ 2023-02-28 23:49:05,291 ] 88 root - INFO - Your data is sucessfully uploaded. Total time taken: 3.870000123977661 seconds.
[ 2023-02-28 23:49:51,465 ] 20 root - INFO - Mongodb Connection Established
[ 2023-02-28 23:50:01,764 ] 113 root - INFO - All records deleted. Total time taken: 2.1160058975219727 seconds.
[ 2023-02-28 23:50:09,722 ] 88 root - INFO - Your data is sucessfully uploaded. Total time taken: 3.8470027446746826 seconds.
[ 2023-02-28 23:50:25,610 ] 308 root - INFO - TSNE implemented !
[ 2023-02-28 23:50:26,505 ] 102 root - INFO - removed temp files successfully!
[ 2023-02-28 23:50:26,573 ] 125 root - INFO - DataFrame updated successfully!
[ 2023-02-28 23:50:26,573 ] 74 root - INFO - Project actions performed for: 81!
[ 2023-02-28 23:59:06,351 ] 20 root - INFO - Mongodb Connection Established
[ 2023-02-28 23:59:16,719 ] 113 root - INFO - All records deleted. Total time taken: 2.162247896194458 seconds.
[ 2023-02-28 23:59:24,661 ] 88 root - INFO - Your data is sucessfully uploaded. Total time taken: 3.833051919937134 seconds.
[ 2023-02-28 23:59:27,639 ] 62 root - INFO - 81 details uploaded successfully for Feature Engineering!
[ 2023-02-28 23:59:34,749 ] 20 root - INFO - Mongodb Connection Established
[ 2023-02-28 23:59:45,010 ] 113 root - INFO - All records deleted. Total time taken: 2.0610694885253906 seconds.
[ 2023-02-28 23:59:52,955 ] 88 root - INFO - Your data is sucessfully uploaded. Total time taken: 3.8569953441619873 seconds.
[ 2023-02-28 23:59:56,110 ] 62 root - INFO - 81 details uploaded successfully for Feature Engineering!
[ 2023-03-01 00:20:10,081 ] 109 root - INFO - added project sucessfully with extra
[ 2023-03-01 00:20:34,014 ] 109 root - INFO - added project sucessfully with suhaidaf
[ 2023-03-01 00:21:10,773 ] 109 root - INFO - added project sucessfully with suhaim
