[ 2023-02-26 00:44:56,417 ] 17 root - INFO - Reading contents of configure file!
[ 2023-02-26 00:45:14,718 ] 17 root - INFO - Reading contents of configure file!
[ 2023-02-26 00:45:32,068 ] 17 root - INFO - Reading contents of configure file!
[ 2023-02-26 00:45:34,752 ] 17 root - INFO - Reading contents of configure file!
[ 2023-02-26 00:45:34,752 ] 20 root - INFO - Mongodb Connection Established
[ 2023-02-26 00:46:05,171 ] 17 root - INFO - Reading contents of configure file!
[ 2023-02-26 00:46:05,173 ] 17 root - INFO - Reading contents of configure file!
[ 2023-02-26 00:46:15,546 ] 17 root - INFO - Reading contents of configure file!
[ 2023-02-26 00:46:15,602 ] 17 root - INFO - Reading contents of configure file!
[ 2023-02-26 00:46:15,818 ] 17 root - INFO - Reading contents of configure file!
[ 2023-02-26 00:46:41,840 ] 25 root - INFO - 76 : Sucessfully entered Project Details!
[ 2023-02-26 00:46:42,712 ] 74 root - INFO - Project actions performed for: 76!
[ 2023-02-26 00:46:44,236 ] 20 root - INFO - Mongodb Connection Established
[ 2023-02-26 00:46:58,209 ] 113 root - INFO - All records deleted. Total time taken: 2.070402145385742 seconds.
[ 2023-02-26 00:47:05,034 ] 88 root - INFO - Your data is sucessfully uploaded. Total time taken: 2.4478306770324707 seconds.
[ 2023-02-26 00:47:07,883 ] 206 root - INFO - Find Mean Implemented!
[ 2023-02-26 00:47:07,883 ] 184 root - INFO - Find Median Implemented!
[ 2023-02-26 00:47:07,940 ] 194 root - INFO - Find Mode Implemented!
[ 2023-02-26 00:47:07,941 ] 172 root - INFO - Find Dtypes Implemented!
[ 2023-02-26 00:47:07,945 ] 242 root - INFO - Missing Cells Table Implemented!
[ 2023-02-26 00:47:41,746 ] 14 root - INFO - BarPlot Implemented!
[ 2023-02-26 00:47:47,633 ] 39 root - INFO - 76 details uploaded successfully for EDA!
[ 2023-02-26 00:50:38,359 ] 20 root - INFO - Mongodb Connection Established
[ 2023-02-26 00:50:49,147 ] 113 root - INFO - All records deleted. Total time taken: 2.566999912261963 seconds.
[ 2023-02-26 00:50:55,721 ] 88 root - INFO - Your data is sucessfully uploaded. Total time taken: 2.459944725036621 seconds.
[ 2023-02-26 00:50:58,514 ] 206 root - INFO - Find Mean Implemented!
[ 2023-02-26 00:50:58,515 ] 184 root - INFO - Find Median Implemented!
[ 2023-02-26 00:50:58,517 ] 194 root - INFO - Find Mode Implemented!
[ 2023-02-26 00:50:58,518 ] 172 root - INFO - Find Dtypes Implemented!
[ 2023-02-26 00:50:58,520 ] 242 root - INFO - Missing Cells Table Implemented!
[ 2023-02-26 00:51:10,422 ] 20 root - INFO - Mongodb Connection Established
[ 2023-02-26 00:51:20,627 ] 113 root - INFO - All records deleted. Total time taken: 2.0449934005737305 seconds.
[ 2023-02-26 00:51:27,214 ] 88 root - INFO - Your data is sucessfully uploaded. Total time taken: 2.489961862564087 seconds.
[ 2023-02-26 00:51:29,994 ] 206 root - INFO - Find Mean Implemented!
[ 2023-02-26 00:51:29,995 ] 184 root - INFO - Find Median Implemented!
[ 2023-02-26 00:51:29,997 ] 194 root - INFO - Find Mode Implemented!
[ 2023-02-26 00:51:29,998 ] 172 root - INFO - Find Dtypes Implemented!
[ 2023-02-26 00:51:29,999 ] 242 root - INFO - Missing Cells Table Implemented!
[ 2023-02-26 00:52:01,888 ] 20 root - INFO - Mongodb Connection Established
[ 2023-02-26 00:52:12,065 ] 113 root - INFO - All records deleted. Total time taken: 2.0285842418670654 seconds.
[ 2023-02-26 00:52:18,597 ] 88 root - INFO - Your data is sucessfully uploaded. Total time taken: 2.4405272006988525 seconds.
[ 2023-02-26 00:52:21,350 ] 206 root - INFO - Find Mean Implemented!
[ 2023-02-26 00:52:21,351 ] 184 root - INFO - Find Median Implemented!
[ 2023-02-26 00:52:21,352 ] 194 root - INFO - Find Mode Implemented!
[ 2023-02-26 00:52:21,353 ] 172 root - INFO - Find Dtypes Implemented!
[ 2023-02-26 00:52:21,354 ] 242 root - INFO - Missing Cells Table Implemented!
[ 2023-02-26 00:52:21,355 ] 162 root - INFO - Categorical Values Filled with Mode
[ 2023-02-26 00:52:21,784 ] 104 root - INFO - removed temp files successfully!
[ 2023-02-26 00:52:21,929 ] 127 root - INFO - DataFrame updated successfully!
[ 2023-02-26 00:52:22,644 ] 20 root - INFO - Mongodb Connection Established
[ 2023-02-26 00:52:33,067 ] 113 root - INFO - All records deleted. Total time taken: 2.0269978046417236 seconds.
[ 2023-02-26 00:52:39,616 ] 88 root - INFO - Your data is sucessfully uploaded. Total time taken: 2.4390077590942383 seconds.
[ 2023-02-26 00:52:42,490 ] 206 root - INFO - Find Mean Implemented!
[ 2023-02-26 00:52:42,491 ] 184 root - INFO - Find Median Implemented!
[ 2023-02-26 00:52:42,492 ] 194 root - INFO - Find Mode Implemented!
[ 2023-02-26 00:52:42,492 ] 172 root - INFO - Find Dtypes Implemented!
[ 2023-02-26 00:52:42,495 ] 242 root - INFO - Missing Cells Table Implemented!
[ 2023-02-26 00:55:10,977 ] 203 django.utils.autoreload - INFO - C:\Users\suhai\Newz\neuro-project-engineering\dataPreProcessing\views.py changed, reloading.
