[ 2023-02-25 20:40:19,968 ] 17 root - INFO - Reading contents of configure file!
[ 2023-02-25 20:41:05,711 ] 17 root - INFO - Reading contents of configure file!
[ 2023-02-25 20:41:53,748 ] 17 root - INFO - Reading contents of configure file!
[ 2023-02-25 20:42:05,320 ] 17 root - INFO - Reading contents of configure file!
[ 2023-02-25 20:42:05,320 ] 20 root - INFO - Mongodb Connection Established
[ 2023-02-25 20:43:50,193 ] 17 root - INFO - Reading contents of configure file!
[ 2023-02-25 20:43:50,195 ] 17 root - INFO - Reading contents of configure file!
[ 2023-02-25 20:44:17,569 ] 17 root - INFO - Reading contents of configure file!
[ 2023-02-25 20:44:17,855 ] 17 root - INFO - Reading contents of configure file!
[ 2023-02-25 20:44:18,967 ] 17 root - INFO - Reading contents of configure file!
[ 2023-02-25 20:48:59,876 ] 25 root - INFO - 80 : Sucessfully entered Project Details!
[ 2023-02-25 20:49:00,630 ] 74 root - INFO - Project actions performed for: 80!
[ 2023-02-25 20:49:01,986 ] 20 root - INFO - Mongodb Connection Established
[ 2023-02-25 20:49:12,893 ] 113 root - INFO - All records deleted. Total time taken: 2.0581836700439453 seconds.
[ 2023-02-25 20:49:20,101 ] 88 root - INFO - Your data is sucessfully uploaded. Total time taken: 2.7989699840545654 seconds.
[ 2023-02-25 20:49:23,005 ] 245 root - INFO - Missing Cells Table is None!
[ 2023-02-25 20:49:30,677 ] 222 django.request - WARNING - Not Found: /favicon.ico
[ 2023-02-25 20:49:53,244 ] 222 django.request - WARNING - Not Found: /home/set-target
[ 2023-02-25 20:50:35,451 ] 222 django.request - WARNING - Not Found: /home/Project/set-target
[ 2023-02-25 20:52:22,286 ] 20 root - INFO - Mongodb Connection Established
[ 2023-02-25 20:52:32,645 ] 113 root - INFO - All records deleted. Total time taken: 2.1029911041259766 seconds.
[ 2023-02-25 20:52:39,551 ] 88 root - INFO - Your data is sucessfully uploaded. Total time taken: 2.822880506515503 seconds.
[ 2023-02-26 00:22:58,522 ] 25 root - INFO - 80 : Sucessfully entered Project Details!
[ 2023-02-26 00:23:01,104 ] 74 root - INFO - Project actions performed for: 80!
[ 2023-02-26 00:23:51,762 ] 98 root - INFO - Error occured: 1205 (HY000): Lock wait timeout exceeded; try restarting transaction
[ 2023-02-26 00:23:53,437 ] 20 root - INFO - Mongodb Connection Established
[ 2023-02-26 00:24:06,492 ] 113 root - INFO - All records deleted. Total time taken: 2.1507723331451416 seconds.
[ 2023-02-26 00:24:14,440 ] 88 root - INFO - Your data is sucessfully uploaded. Total time taken: 2.7920258045196533 seconds.
[ 2023-02-26 00:24:18,106 ] 57 root - INFO - Five Point Summary Implemented!
[ 2023-02-26 00:24:18,747 ] 39 root - INFO - 80 details uploaded successfully for EDA!
[ 2023-02-26 00:25:09,071 ] 98 root - INFO - Error occured: 1205 (HY000): Lock wait timeout exceeded; try restarting transaction
[ 2023-02-26 00:43:21,285 ] 203 django.utils.autoreload - INFO - C:\Users\suhai\Newz\neuro-project-engineering\NeuroProject\settings.py changed, reloading.
