[ 2023-02-26 00:56:00,578 ] 17 root - INFO - Reading contents of configure file!
[ 2023-02-26 00:56:13,744 ] 17 root - INFO - Reading contents of configure file!
[ 2023-02-26 00:56:28,282 ] 17 root - INFO - Reading contents of configure file!
[ 2023-02-26 00:56:31,832 ] 17 root - INFO - Reading contents of configure file!
[ 2023-02-26 00:56:31,833 ] 20 root - INFO - Mongodb Connection Established
[ 2023-02-26 00:56:58,792 ] 17 root - INFO - Reading contents of configure file!
[ 2023-02-26 00:56:58,795 ] 17 root - INFO - Reading contents of configure file!
[ 2023-02-26 00:57:12,815 ] 17 root - INFO - Reading contents of configure file!
[ 2023-02-26 00:57:12,840 ] 17 root - INFO - Reading contents of configure file!
[ 2023-02-26 00:57:13,082 ] 17 root - INFO - Reading contents of configure file!
[ 2023-02-26 01:00:42,258 ] 20 root - INFO - Mongodb Connection Established
[ 2023-02-26 01:00:53,196 ] 113 root - INFO - All records deleted. Total time taken: 2.152644157409668 seconds.
[ 2023-02-26 01:00:59,963 ] 88 root - INFO - Your data is sucessfully uploaded. Total time taken: 2.4356656074523926 seconds.
[ 2023-02-26 01:01:02,744 ] 50 root - INFO - 79 details uploaded successfully for Data Preprocessing!
[ 2023-02-26 01:01:25,439 ] 20 root - INFO - Mongodb Connection Established
[ 2023-02-26 01:01:35,708 ] 113 root - INFO - All records deleted. Total time taken: 2.057142496109009 seconds.
[ 2023-02-26 01:01:42,300 ] 88 root - INFO - Your data is sucessfully uploaded. Total time taken: 2.48110294342041 seconds.
[ 2023-02-26 01:01:44,993 ] 50 root - INFO - 79 details uploaded successfully for Data Preprocessing!
[ 2023-02-26 01:01:45,358 ] 49 root - INFO - Dropped columns: ['comment_author_email']
[ 2023-02-26 01:01:45,680 ] 104 root - INFO - removed temp files successfully!
[ 2023-02-26 01:01:45,823 ] 127 root - INFO - DataFrame updated successfully!
[ 2023-02-26 01:10:26,445 ] 203 django.utils.autoreload - INFO - C:\Users\suhai\Newz\neuro-project-engineering\EDA\views.py changed, reloading.
