[ 2023-02-26 22:37:15,823 ] 17 root - INFO - Reading contents of configure file!
[ 2023-02-26 22:37:32,771 ] 17 root - INFO - Reading contents of configure file!
[ 2023-02-26 22:37:47,579 ] 17 root - INFO - Reading contents of configure file!
[ 2023-02-26 22:37:52,119 ] 17 root - INFO - Reading contents of configure file!
[ 2023-02-26 22:37:52,120 ] 20 root - INFO - Mongodb Connection Established
[ 2023-02-26 22:38:21,005 ] 17 root - INFO - Reading contents of configure file!
[ 2023-02-26 22:38:21,021 ] 17 root - INFO - Reading contents of configure file!
[ 2023-02-26 22:38:50,135 ] 17 root - INFO - Reading contents of configure file!
[ 2023-02-26 22:38:50,302 ] 17 root - INFO - Reading contents of configure file!
[ 2023-02-26 22:38:51,136 ] 17 root - INFO - Reading contents of configure file!
[ 2023-02-27 00:25:03,938 ] 25 root - INFO - 76 : Sucessfully entered Project Details!
[ 2023-02-27 00:25:05,239 ] 74 root - INFO - Project actions performed for: 76!
[ 2023-02-27 00:25:06,842 ] 20 root - INFO - Mongodb Connection Established
[ 2023-02-27 00:25:18,499 ] 113 root - INFO - All records deleted. Total time taken: 2.156261920928955 seconds.
[ 2023-02-27 00:25:26,291 ] 88 root - INFO - Your data is sucessfully uploaded. Total time taken: 2.9337973594665527 seconds.
[ 2023-02-27 00:25:29,822 ] 62 root - INFO - 76 details uploaded successfully for Feature Engineering!
[ 2023-02-27 00:26:32,039 ] 20 root - INFO - Mongodb Connection Established
[ 2023-02-27 00:26:42,562 ] 113 root - INFO - All records deleted. Total time taken: 2.0072073936462402 seconds.
[ 2023-02-27 00:26:49,935 ] 88 root - INFO - Your data is sucessfully uploaded. Total time taken: 3.1540145874023438 seconds.
[ 2023-02-27 00:30:31,135 ] 20 root - INFO - Mongodb Connection Established
[ 2023-02-27 00:30:41,539 ] 113 root - INFO - All records deleted. Total time taken: 2.048995018005371 seconds.
[ 2023-02-27 00:30:48,961 ] 88 root - INFO - Your data is sucessfully uploaded. Total time taken: 2.952995777130127 seconds.
[ 2023-02-27 00:30:51,930 ] 50 root - INFO - 76 details uploaded successfully for Data Preprocessing!
[ 2023-02-27 00:35:02,097 ] 20 root - INFO - Mongodb Connection Established
[ 2023-02-27 00:35:12,645 ] 113 root - INFO - All records deleted. Total time taken: 2.109989643096924 seconds.
[ 2023-02-27 00:35:19,744 ] 88 root - INFO - Your data is sucessfully uploaded. Total time taken: 2.8889949321746826 seconds.
[ 2023-02-27 00:35:22,655 ] 50 root - INFO - 76 details uploaded successfully for Data Preprocessing!
[ 2023-02-27 00:35:22,995 ] 49 root - INFO - Dropped columns: ['species']
[ 2023-02-27 00:35:23,420 ] 104 root - INFO - removed temp files successfully!
[ 2023-02-27 00:35:25,102 ] 127 root - INFO - DataFrame updated successfully!
[ 2023-02-27 00:35:36,272 ] 20 root - INFO - Mongodb Connection Established
[ 2023-02-27 00:35:46,685 ] 113 root - INFO - All records deleted. Total time taken: 2.053997039794922 seconds.
[ 2023-02-27 00:35:53,675 ] 88 root - INFO - Your data is sucessfully uploaded. Total time taken: 2.884000301361084 seconds.
[ 2023-02-27 00:36:19,681 ] 20 root - INFO - Mongodb Connection Established
[ 2023-02-27 00:36:29,955 ] 113 root - INFO - All records deleted. Total time taken: 2.033994197845459 seconds.
[ 2023-02-27 00:36:37,050 ] 88 root - INFO - Your data is sucessfully uploaded. Total time taken: 2.77699875831604 seconds.
[ 2023-02-27 00:36:39,761 ] 532 root - ERROR - invalid literal for int() with base 10: ''
[ 2023-02-27 00:36:40,140 ] 222 django.request - ERROR - Internal Server Error: /EDA/statistical-report/
Traceback (most recent call last):
  File "C:\Users\suhai\anaconda3\envs\test\lib\site-packages\django\core\handlers\exception.py", line 34, in inner
    response = get_response(request)
  File "C:\Users\suhai\anaconda3\envs\test\lib\site-packages\django\core\handlers\base.py", line 124, in _get_response
    raise ValueError(
ValueError: The view EDA.views.EDA_statistical_functions didn't return an HttpResponse object. It returned None instead.
[ 2023-02-27 00:38:22,964 ] 20 root - INFO - Mongodb Connection Established
[ 2023-02-27 00:38:33,432 ] 113 root - INFO - All records deleted. Total time taken: 2.0329959392547607 seconds.
[ 2023-02-27 00:38:40,493 ] 88 root - INFO - Your data is sucessfully uploaded. Total time taken: 2.761998176574707 seconds.
[ 2023-02-27 00:38:43,194 ] 453 root - INFO - Statistical function:Covariance Implemented!
[ 2023-02-27 00:38:44,254 ] 532 root - ERROR - The truth value of a DataFrame is ambiguous. Use a.empty, a.bool(), a.item(), a.any() or a.all().
[ 2023-02-27 00:38:44,345 ] 222 django.request - ERROR - Internal Server Error: /EDA/statistical-report/
Traceback (most recent call last):
  File "C:\Users\suhai\anaconda3\envs\test\lib\site-packages\django\core\handlers\exception.py", line 34, in inner
    response = get_response(request)
  File "C:\Users\suhai\anaconda3\envs\test\lib\site-packages\django\core\handlers\base.py", line 124, in _get_response
    raise ValueError(
ValueError: The view EDA.views.EDA_statistical_functions didn't return an HttpResponse object. It returned None instead.
[ 2023-02-27 00:56:07,922 ] 203 django.utils.autoreload - INFO - C:\Users\suhai\Newz\neuro-project-engineering\EDA\views.py changed, reloading.
