[ 2023-02-27 00:57:20,262 ] 17 root - INFO - Reading contents of configure file!
[ 2023-02-27 00:57:39,433 ] 17 root - INFO - Reading contents of configure file!
[ 2023-02-27 00:57:57,983 ] 17 root - INFO - Reading contents of configure file!
[ 2023-02-27 00:58:00,924 ] 17 root - INFO - Reading contents of configure file!
[ 2023-02-27 00:58:00,924 ] 20 root - INFO - Mongodb Connection Established
[ 2023-02-27 00:58:33,020 ] 17 root - INFO - Reading contents of configure file!
[ 2023-02-27 00:58:33,025 ] 17 root - INFO - Reading contents of configure file!
[ 2023-02-27 00:58:41,842 ] 17 root - INFO - Reading contents of configure file!
[ 2023-02-27 00:58:41,873 ] 17 root - INFO - Reading contents of configure file!
[ 2023-02-27 00:58:42,041 ] 17 root - INFO - Reading contents of configure file!
[ 2023-02-27 01:01:14,620 ] 20 root - INFO - Mongodb Connection Established
[ 2023-02-27 01:01:28,520 ] 113 root - INFO - All records deleted. Total time taken: 4.5659966468811035 seconds.
[ 2023-02-27 01:01:35,962 ] 88 root - INFO - Your data is sucessfully uploaded. Total time taken: 2.9659945964813232 seconds.
[ 2023-02-27 01:01:41,436 ] 20 root - INFO - Mongodb Connection Established
[ 2023-02-27 01:01:52,162 ] 113 root - INFO - All records deleted. Total time taken: 2.2339956760406494 seconds.
[ 2023-02-27 01:01:59,267 ] 88 root - INFO - Your data is sucessfully uploaded. Total time taken: 2.9409987926483154 seconds.
[ 2023-02-27 01:02:02,801 ] 206 root - INFO - Find Mean Implemented!
[ 2023-02-27 01:02:02,803 ] 184 root - INFO - Find Median Implemented!
[ 2023-02-27 01:02:02,937 ] 194 root - INFO - Find Mode Implemented!
[ 2023-02-27 01:02:02,938 ] 172 root - INFO - Find Dtypes Implemented!
[ 2023-02-27 01:02:02,984 ] 242 root - INFO - Missing Cells Table Implemented!
[ 2023-02-27 01:02:19,397 ] 20 root - INFO - Mongodb Connection Established
[ 2023-02-27 01:02:30,723 ] 113 root - INFO - All records deleted. Total time taken: 2.7599971294403076 seconds.
[ 2023-02-27 01:02:38,238 ] 88 root - INFO - Your data is sucessfully uploaded. Total time taken: 3.2629942893981934 seconds.
[ 2023-02-27 01:02:42,259 ] 206 root - INFO - Find Mean Implemented!
[ 2023-02-27 01:02:42,260 ] 184 root - INFO - Find Median Implemented!
[ 2023-02-27 01:02:42,263 ] 194 root - INFO - Find Mode Implemented!
[ 2023-02-27 01:02:42,263 ] 172 root - INFO - Find Dtypes Implemented!
[ 2023-02-27 01:02:42,268 ] 242 root - INFO - Missing Cells Table Implemented!
[ 2023-02-27 01:10:31,537 ] 20 root - INFO - Mongodb Connection Established
[ 2023-02-27 01:10:43,633 ] 20 root - INFO - Mongodb Connection Established
[ 2023-02-27 01:10:45,560 ] 113 root - INFO - All records deleted. Total time taken: 2.0443084239959717 seconds.
[ 2023-02-27 01:10:52,742 ] 88 root - INFO - Your data is sucessfully uploaded. Total time taken: 3.018775224685669 seconds.
[ 2023-02-27 01:10:54,406 ] 113 root - INFO - All records deleted. Total time taken: 2.584648370742798 seconds.
[ 2023-02-27 01:10:55,750 ] 168 root - ERROR - "['_id'] not found in axis"
[ 2023-02-27 01:10:55,751 ] 249 root - ERROR - 'NoneType' object has no attribute 'columns' occurred in Missing Cells Table!
[ 2023-02-27 01:11:01,323 ] 88 root - INFO - Your data is sucessfully uploaded. Total time taken: 2.81717586517334 seconds.
[ 2023-02-27 01:11:03,974 ] 206 root - INFO - Find Mean Implemented!
[ 2023-02-27 01:11:03,974 ] 184 root - INFO - Find Median Implemented!
[ 2023-02-27 01:11:03,974 ] 194 root - INFO - Find Mode Implemented!
[ 2023-02-27 01:11:03,974 ] 172 root - INFO - Find Dtypes Implemented!
[ 2023-02-27 01:11:03,974 ] 242 root - INFO - Missing Cells Table Implemented!
[ 2023-02-27 01:11:48,993 ] 20 root - INFO - Mongodb Connection Established
[ 2023-02-27 01:11:59,243 ] 113 root - INFO - All records deleted. Total time taken: 2.0068085193634033 seconds.
[ 2023-02-27 01:12:06,310 ] 88 root - INFO - Your data is sucessfully uploaded. Total time taken: 2.943079948425293 seconds.
[ 2023-02-27 01:12:09,961 ] 206 root - INFO - Find Mean Implemented!
[ 2023-02-27 01:12:09,961 ] 184 root - INFO - Find Median Implemented!
[ 2023-02-27 01:12:09,961 ] 194 root - INFO - Find Mode Implemented!
[ 2023-02-27 01:12:09,961 ] 172 root - INFO - Find Dtypes Implemented!
[ 2023-02-27 01:12:09,961 ] 242 root - INFO - Missing Cells Table Implemented!
[ 2023-02-27 01:13:03,539 ] 20 root - INFO - Mongodb Connection Established
[ 2023-02-27 01:13:15,450 ] 113 root - INFO - All records deleted. Total time taken: 2.900999069213867 seconds.
[ 2023-02-27 01:13:24,334 ] 88 root - INFO - Your data is sucessfully uploaded. Total time taken: 4.607999324798584 seconds.
[ 2023-02-27 01:13:28,440 ] 50 root - INFO - 80 details uploaded successfully for Data Preprocessing!
[ 2023-02-27 01:13:29,873 ] 49 root - INFO - Dropped columns: ['species']
[ 2023-02-27 01:13:31,011 ] 104 root - INFO - removed temp files successfully!
[ 2023-02-27 01:13:31,226 ] 127 root - INFO - DataFrame updated successfully!
[ 2023-02-27 01:13:47,202 ] 20 root - INFO - Mongodb Connection Established
[ 2023-02-27 01:13:58,407 ] 113 root - INFO - All records deleted. Total time taken: 2.8449923992156982 seconds.
[ 2023-02-27 01:14:05,440 ] 88 root - INFO - Your data is sucessfully uploaded. Total time taken: 2.836998701095581 seconds.
[ 2023-02-27 01:14:28,985 ] 20 root - INFO - Mongodb Connection Established
[ 2023-02-27 01:14:39,278 ] 113 root - INFO - All records deleted. Total time taken: 2.0889933109283447 seconds.
[ 2023-02-27 01:14:46,032 ] 88 root - INFO - Your data is sucessfully uploaded. Total time taken: 2.672002077102661 seconds.
[ 2023-02-27 01:14:48,767 ] 445 root - INFO - Statistical function:Window rolling with standard deviation Implemented!
[ 2023-02-27 01:14:48,922 ] 536 root - ERROR - The truth value of a DataFrame is ambiguous. Use a.empty, a.bool(), a.item(), a.any() or a.all().
[ 2023-02-27 01:14:49,484 ] 222 django.request - ERROR - Internal Server Error: /EDA/statistical-report/
Traceback (most recent call last):
  File "C:\Users\suhai\anaconda3\envs\test\lib\site-packages\django\core\handlers\exception.py", line 34, in inner
    response = get_response(request)
  File "C:\Users\suhai\anaconda3\envs\test\lib\site-packages\django\core\handlers\base.py", line 124, in _get_response
    raise ValueError(
ValueError: The view EDA.views.EDA_statistical_functions didn't return an HttpResponse object. It returned None instead.
[ 2023-02-27 01:15:32,150 ] 20 root - INFO - Mongodb Connection Established
[ 2023-02-27 01:15:42,526 ] 113 root - INFO - All records deleted. Total time taken: 2.1109774112701416 seconds.
[ 2023-02-27 01:15:49,586 ] 88 root - INFO - Your data is sucessfully uploaded. Total time taken: 2.9330005645751953 seconds.
[ 2023-02-27 01:15:52,259 ] 453 root - INFO - Statistical function:Covariance Implemented!
[ 2023-02-27 01:15:52,488 ] 536 root - ERROR - The truth value of a DataFrame is ambiguous. Use a.empty, a.bool(), a.item(), a.any() or a.all().
[ 2023-02-27 01:15:52,588 ] 222 django.request - ERROR - Internal Server Error: /EDA/statistical-report/
Traceback (most recent call last):
  File "C:\Users\suhai\anaconda3\envs\test\lib\site-packages\django\core\handlers\exception.py", line 34, in inner
    response = get_response(request)
  File "C:\Users\suhai\anaconda3\envs\test\lib\site-packages\django\core\handlers\base.py", line 124, in _get_response
    raise ValueError(
ValueError: The view EDA.views.EDA_statistical_functions didn't return an HttpResponse object. It returned None instead.
[ 2023-02-27 01:20:41,302 ] 203 django.utils.autoreload - INFO - C:\Users\suhai\Newz\neuro-project-engineering\EDA\views.py changed, reloading.
